WARNING: The requested image's platform (linux/amd64) does not match the detected host platform (linux/arm64/v8) and no specific platform was requested
Wed Sep 14 21:26:11 UTC 2022 PRS workflow started! ----- Please check the docker_logs directory for progress details.
2022-09-14 21:26:19,958	INFO services.py:1338 -- View the Ray dashboard at [1m[32mhttp://127.0.0.1:8265[39m[22m
2022-09-14 21:26:19,975	WARNING services.py:1816 -- WARNING: The object store is using /tmp instead of /dev/shm because /dev/shm has only 67108864 bytes available. This will harm performance! You may be able to free up space by deleting files in /dev/shm. If you are inside a Docker container, you can increase /dev/shm size by passing '--shm-size=3.05gb' to 'docker run' (or add it to the run_options list in a Ray cluster config). Make sure to set this to more than 30% of available RAM.
[2022-09-14 21:26:27.914153]: Cohort PRS calculator started!!!
[2022-09-14 21:26:32.407008]: Data from the PRS models successfully loaded! ----- Time elapsed (s): 4.492188626994903
[2m[36m(deploy_ray_func pid=193)[0m Major (non-effect) allele for variant rs896629 successfully retrieved
[2m[36m(deploy_ray_func pid=190)[0m Major (non-effect) allele for variant rs2146881 successfully retrieved
[2m[36m(deploy_ray_func pid=182)[0m Major (non-effect) allele for variant rs7937934 successfully retrieved
[2m[36m(deploy_ray_func pid=187)[0m Major (non-effect) allele for variant rs10737381 successfully retrieved
[2m[36m(deploy_ray_func pid=179)[0m Major (non-effect) allele for variant rs9378774 successfully retrieved
[2m[36m(deploy_ray_func pid=185)[0m Major (non-effect) allele for variant rs2514227 successfully retrieved
[2m[36m(deploy_ray_func pid=187)[0m Major (non-effect) allele for variant rs7068301 successfully retrieved
[2m[36m(deploy_ray_func pid=193)[0m Major (non-effect) allele for variant rs11263701 successfully retrieved
[2m[36m(deploy_ray_func pid=190)[0m Major (non-effect) allele for variant rs3015119 successfully retrieved
[2m[36m(deploy_ray_func pid=182)[0m Major (non-effect) allele for variant rs4734305 successfully retrieved
[2m[36m(deploy_ray_func pid=185)[0m Major (non-effect) allele for variant rs4690801 successfully retrieved
[2m[36m(deploy_ray_func pid=179)[0m Major (non-effect) allele for variant rs7547892 successfully retrieved
[2m[36m(deploy_ray_func pid=193)[0m Major (non-effect) allele for variant rs7192094 successfully retrieved
[2m[36m(deploy_ray_func pid=187)[0m Major (non-effect) allele for variant rs11211481 successfully retrieved
[2m[36m(deploy_ray_func pid=190)[0m Major (non-effect) allele for variant rs13098912 successfully retrieved
[2m[36m(deploy_ray_func pid=179)[0m Major (non-effect) allele for variant rs3099557 successfully retrieved
[2m[36m(deploy_ray_func pid=182)[0m Major (non-effect) allele for variant rs2987742 successfully retrieved
[2m[36m(deploy_ray_func pid=185)[0m Major (non-effect) allele for variant rs4819996 successfully retrieved
[2m[36m(deploy_ray_func pid=193)[0m Major (non-effect) allele for variant rs930744 successfully retrieved
[2m[36m(deploy_ray_func pid=187)[0m Major (non-effect) allele for variant rs10196560 successfully retrieved
[2m[36m(deploy_ray_func pid=190)[0m Major (non-effect) allele for variant rs1003715 successfully retrieved
[2m[36m(deploy_ray_func pid=179)[0m Major (non-effect) allele for variant rs16849220 successfully retrieved
[2m[36m(deploy_ray_func pid=182)[0m Major (non-effect) allele for variant rs7586405 successfully retrieved
[2m[36m(deploy_ray_func pid=185)[0m Major (non-effect) allele for variant rs580962 successfully retrieved
[2m[36m(deploy_ray_func pid=193)[0m Major (non-effect) allele for variant rs12512502 successfully retrieved
[2m[36m(deploy_ray_func pid=187)[0m Major (non-effect) allele for variant rs2392055 successfully retrieved
[2m[36m(deploy_ray_func pid=190)[0m Major (non-effect) allele for variant rs4804151 successfully retrieved
[2m[36m(deploy_ray_func pid=182)[0m Major (non-effect) allele for variant rs4789492 successfully retrieved
[2m[36m(deploy_ray_func pid=179)[0m Major (non-effect) allele for variant rs180950 successfully retrieved
[2m[36m(deploy_ray_func pid=185)[0m Major (non-effect) allele for variant rs4797793 successfully retrieved
[2m[36m(deploy_ray_func pid=187)[0m Major (non-effect) allele for variant rs6741335 successfully retrieved
[2m[36m(deploy_ray_func pid=193)[0m Major (non-effect) allele for variant rs4659633 successfully retrieved
[2m[36m(deploy_ray_func pid=182)[0m Major (non-effect) allele for variant rs1565741 successfully retrieved
[2m[36m(deploy_ray_func pid=185)[0m Major (non-effect) allele for variant rs12372273 successfully retrieved
[2m[36m(deploy_ray_func pid=179)[0m Major (non-effect) allele for variant rs12936071 successfully retrieved
[2m[36m(deploy_ray_func pid=190)[0m Major (non-effect) allele for variant rs1395093 successfully retrieved
[2m[36m(deploy_ray_func pid=187)[0m Major (non-effect) allele for variant rs173067 successfully retrieved
[2m[36m(deploy_ray_func pid=193)[0m Major (non-effect) allele for variant rs174838 successfully retrieved
[2m[36m(deploy_ray_func pid=185)[0m Major (non-effect) allele for variant rs1020064 successfully retrieved
[2m[36m(deploy_ray_func pid=182)[0m Major (non-effect) allele for variant rs852069 successfully retrieved
[2m[36m(deploy_ray_func pid=179)[0m Major (non-effect) allele for variant rs10860821 successfully retrieved
[2m[36m(deploy_ray_func pid=190)[0m Major (non-effect) allele for variant rs224644 successfully retrieved
[2m[36m(deploy_ray_func pid=187)[0m Major (non-effect) allele for variant rs6816095 successfully retrieved
[2m[36m(deploy_ray_func pid=193)[0m Major (non-effect) allele for variant rs2284887 successfully retrieved
[2m[36m(deploy_ray_func pid=182)[0m Major (non-effect) allele for variant rs7647593 successfully retrieved
[2m[36m(deploy_ray_func pid=179)[0m Major (non-effect) allele for variant rs2332909 successfully retrieved
[2m[36m(deploy_ray_func pid=185)[0m Major (non-effect) allele for variant rs7084835 successfully retrieved
[2m[36m(deploy_ray_func pid=190)[0m Major (non-effect) allele for variant rs1009941 successfully retrieved
[2m[36m(deploy_ray_func pid=193)[0m Major (non-effect) allele for variant rs544500 successfully retrieved
[2m[36m(deploy_ray_func pid=187)[0m Major (non-effect) allele for variant rs6052038 successfully retrieved
[2m[36m(deploy_ray_func pid=182)[0m Major (non-effect) allele for variant rs165567 successfully retrieved
[2m[36m(deploy_ray_func pid=179)[0m Major (non-effect) allele for variant rs7666763 successfully retrieved
[2m[36m(deploy_ray_func pid=185)[0m Major (non-effect) allele for variant rs10894417 successfully retrieved
[2m[36m(deploy_ray_func pid=190)[0m Major (non-effect) allele for variant rs213605 successfully retrieved
[2m[36m(deploy_ray_func pid=193)[0m Major (non-effect) allele for variant rs4791360 successfully retrieved
[2m[36m(deploy_ray_func pid=179)[0m Major (non-effect) allele for variant rs6415585 successfully retrieved
[2m[36m(deploy_ray_func pid=185)[0m Major (non-effect) allele for variant rs628629 successfully retrieved
[2m[36m(deploy_ray_func pid=182)[0m Major (non-effect) allele for variant rs751041 successfully retrieved
[2m[36m(deploy_ray_func pid=190)[0m Major (non-effect) allele for variant rs1463351 successfully retrieved
[2m[36m(deploy_ray_func pid=187)[0m Major (non-effect) allele for variant rs540729 successfully retrieved
[2m[36m(deploy_ray_func pid=193)[0m Major (non-effect) allele for variant rs521573 successfully retrieved
[2m[36m(deploy_ray_func pid=185)[0m Major (non-effect) allele for variant rs3782545 successfully retrieved
[2m[36m(deploy_ray_func pid=179)[0m Major (non-effect) allele for variant rs1392779 successfully retrieved
[2m[36m(deploy_ray_func pid=182)[0m Major (non-effect) allele for variant rs12100154 successfully retrieved
[2m[36m(deploy_ray_func pid=190)[0m Major (non-effect) allele for variant rs38169 successfully retrieved
[2m[36m(deploy_ray_func pid=187)[0m Major (non-effect) allele for variant rs8192440 successfully retrieved
[2m[36m(deploy_ray_func pid=193)[0m Major (non-effect) allele for variant rs507119 successfully retrieved
[2m[36m(deploy_ray_func pid=179)[0m Major (non-effect) allele for variant rs2035736 successfully retrieved
[2m[36m(deploy_ray_func pid=185)[0m Major (non-effect) allele for variant rs2148796 successfully retrieved
[2m[36m(deploy_ray_func pid=182)[0m Major (non-effect) allele for variant rs11740857 successfully retrieved
[2m[36m(deploy_ray_func pid=187)[0m Major (non-effect) allele for variant rs536002 successfully retrieved
[2m[36m(deploy_ray_func pid=190)[0m Major (non-effect) allele for variant rs6924193 successfully retrieved
[2m[36m(deploy_ray_func pid=193)[0m Major (non-effect) allele for variant rs6433379 successfully retrieved
[2m[36m(deploy_ray_func pid=179)[0m Major (non-effect) allele for variant rs2043967 successfully retrieved
[2m[36m(deploy_ray_func pid=185)[0m Major (non-effect) allele for variant rs11923433 successfully retrieved
[2m[36m(deploy_ray_func pid=187)[0m Major (non-effect) allele for variant rs2233230 successfully retrieved
[2m[36m(deploy_ray_func pid=190)[0m Major (non-effect) allele for variant rs7679761 successfully retrieved
[2m[36m(deploy_ray_func pid=182)[0m Major (non-effect) allele for variant rs2054289 successfully retrieved
[2m[36m(deploy_ray_func pid=193)[0m Major (non-effect) allele for variant rs2573559 successfully retrieved
[2m[36m(deploy_ray_func pid=179)[0m Major (non-effect) allele for variant rs8180001 successfully retrieved
[2m[36m(deploy_ray_func pid=185)[0m Major (non-effect) allele for variant rs10859259 successfully retrieved
[2m[36m(deploy_ray_func pid=187)[0m Major (non-effect) allele for variant rs11896100 successfully retrieved
[2m[36m(deploy_ray_func pid=190)[0m Major (non-effect) allele for variant rs7175089 successfully retrieved
[2m[36m(deploy_ray_func pid=182)[0m Major (non-effect) allele for variant rs12910524 successfully retrieved
[2m[36m(deploy_ray_func pid=193)[0m Major (non-effect) allele for variant rs1948250 successfully retrieved
[2m[36m(deploy_ray_func pid=179)[0m Major (non-effect) allele for variant rs3743362 successfully retrieved
[2m[36m(deploy_ray_func pid=185)[0m Major (non-effect) allele for variant rs2988105 successfully retrieved
[2m[36m(deploy_ray_func pid=187)[0m Major (non-effect) allele for variant rs508423 successfully retrieved
[2m[36m(deploy_ray_func pid=190)[0m Major (non-effect) allele for variant rs4807578 successfully retrieved
[2m[36m(deploy_ray_func pid=182)[0m Major (non-effect) allele for variant rs4965077 successfully retrieved
[2m[36m(deploy_ray_func pid=193)[0m Major (non-effect) allele for variant rs942518 successfully retrieved
[2m[36m(deploy_ray_func pid=179)[0m Major (non-effect) allele for variant rs1257216 successfully retrieved
[2m[36m(deploy_ray_func pid=185)[0m Major (non-effect) allele for variant rs10165420 successfully retrieved
[2m[36m(deploy_ray_func pid=187)[0m Major (non-effect) allele for variant rs4835955 successfully retrieved
[2m[36m(deploy_ray_func pid=190)[0m Major (non-effect) allele for variant rs6446389 successfully retrieved
[2m[36m(deploy_ray_func pid=193)[0m Major (non-effect) allele for variant rs10772380 successfully retrieved
[2m[36m(deploy_ray_func pid=179)[0m Major (non-effect) allele for variant rs8031522 successfully retrieved
[2m[36m(deploy_ray_func pid=185)[0m Major (non-effect) allele for variant rs9555125 successfully retrieved
[2m[36m(deploy_ray_func pid=187)[0m Major (non-effect) allele for variant rs4736239 successfully retrieved
[2m[36m(deploy_ray_func pid=190)[0m Major (non-effect) allele for variant rs174489 successfully retrieved
[2m[36m(deploy_ray_func pid=193)[0m Major (non-effect) allele for variant rs4234805 successfully retrieved
[2m[36m(deploy_ray_func pid=179)[0m Major (non-effect) allele for variant rs11623883 successfully retrieved
[2m[36m(deploy_ray_func pid=185)[0m Major (non-effect) allele for variant rs11899670 successfully retrieved
[2m[36m(deploy_ray_func pid=187)[0m Major (non-effect) allele for variant rs4568629 successfully retrieved
[2m[36m(deploy_ray_func pid=190)[0m Major (non-effect) allele for variant rs6744642 successfully retrieved
[2m[36m(deploy_ray_func pid=193)[0m Major (non-effect) allele for variant rs1643189 successfully retrieved
[2m[36m(deploy_ray_func pid=179)[0m Major (non-effect) allele for variant rs11162634 successfully retrieved
[2m[36m(deploy_ray_func pid=185)[0m Major (non-effect) allele for variant rs4891826 successfully retrieved
[2m[36m(deploy_ray_func pid=187)[0m Major (non-effect) allele for variant rs12751422 successfully retrieved
[2m[36m(deploy_ray_func pid=190)[0m Major (non-effect) allele for variant rs7875089 successfully retrieved
[2m[36m(deploy_ray_func pid=193)[0m Major (non-effect) allele for variant rs2249911 successfully retrieved
[2m[36m(deploy_ray_func pid=179)[0m Major (non-effect) allele for variant rs12607151 successfully retrieved
[2m[36m(deploy_ray_func pid=185)[0m Major (non-effect) allele for variant rs10876377 successfully retrieved
[2m[36m(deploy_ray_func pid=190)[0m Major (non-effect) allele for variant rs6473386 successfully retrieved
[2m[36m(deploy_ray_func pid=187)[0m Major (non-effect) allele for variant rs11207605 successfully retrieved
[2m[36m(deploy_ray_func pid=193)[0m Major (non-effect) allele for variant rs1152356 successfully retrieved
[2m[36m(deploy_ray_func pid=179)[0m Major (non-effect) allele for variant rs4811971 successfully retrieved
[2m[36m(deploy_ray_func pid=187)[0m Major (non-effect) allele for variant rs4621309 successfully retrieved
[2m[36m(deploy_ray_func pid=190)[0m Major (non-effect) allele for variant rs7117024 successfully retrieved
[2m[36m(deploy_ray_func pid=185)[0m Major (non-effect) allele for variant rs7124442 successfully retrieved
[2m[36m(deploy_ray_func pid=193)[0m Major (non-effect) allele for variant rs7913199 successfully retrieved
[2m[36m(deploy_ray_func pid=179)[0m Major (non-effect) allele for variant rs1183799 successfully retrieved
[2m[36m(deploy_ray_func pid=190)[0m Major (non-effect) allele for variant rs11973244 successfully retrieved
[2m[36m(deploy_ray_func pid=187)[0m Major (non-effect) allele for variant rs12703605 successfully retrieved
[2m[36m(deploy_ray_func pid=185)[0m Major (non-effect) allele for variant rs4513929 successfully retrieved
[2m[36m(deploy_ray_func pid=193)[0m Major (non-effect) allele for variant rs11181115 successfully retrieved
[2m[36m(deploy_ray_func pid=179)[0m Major (non-effect) allele for variant rs12147825 successfully retrieved
[2m[36m(deploy_ray_func pid=190)[0m Major (non-effect) allele for variant rs6425361 successfully retrieved
[2m[36m(deploy_ray_func pid=187)[0m Major (non-effect) allele for variant rs4853550 successfully retrieved
[2m[36m(deploy_ray_func pid=185)[0m Major (non-effect) allele for variant rs6553482 successfully retrieved
[2m[36m(deploy_ray_func pid=193)[0m Major (non-effect) allele for variant rs12330913 successfully retrieved
[2m[36m(deploy_ray_func pid=179)[0m Major (non-effect) allele for variant rs2990678 successfully retrieved
[2m[36m(deploy_ray_func pid=190)[0m Major (non-effect) allele for variant rs4425091 successfully retrieved
[2m[36m(deploy_ray_func pid=187)[0m Major (non-effect) allele for variant rs2827703 successfully retrieved
[2m[36m(deploy_ray_func pid=185)[0m Major (non-effect) allele for variant rs4671839 successfully retrieved
[2m[36m(deploy_ray_func pid=193)[0m Major (non-effect) allele for variant rs4388474 successfully retrieved
[2m[36m(deploy_ray_func pid=179)[0m Major (non-effect) allele for variant rs562556 successfully retrieved
[2m[36m(deploy_ray_func pid=190)[0m Major (non-effect) allele for variant rs35550 successfully retrieved
[2m[36m(deploy_ray_func pid=187)[0m Major (non-effect) allele for variant rs4305983 successfully retrieved
[2m[36m(deploy_ray_func pid=185)[0m Major (non-effect) allele for variant rs6549991 successfully retrieved
[2m[36m(deploy_ray_func pid=193)[0m Major (non-effect) allele for variant rs11626914 successfully retrieved
[2m[36m(deploy_ray_func pid=179)[0m Major (non-effect) allele for variant rs1844711 successfully retrieved
[2m[36m(deploy_ray_func pid=190)[0m Major (non-effect) allele for variant rs944976 successfully retrieved
[2m[36m(deploy_ray_func pid=187)[0m Major (non-effect) allele for variant rs1109287 successfully retrieved
[2m[36m(deploy_ray_func pid=185)[0m Major (non-effect) allele for variant rs827349 successfully retrieved
[2m[36m(deploy_ray_func pid=182)[0m Major (non-effect) allele for variant rs570295 successfully retrieved
[2m[36m(deploy_ray_func pid=179)[0m Major (non-effect) allele for variant rs224015 successfully retrieved
[2m[36m(deploy_ray_func pid=190)[0m Major (non-effect) allele for variant rs10948095 successfully retrieved
[2m[36m(deploy_ray_func pid=187)[0m Major (non-effect) allele for variant rs405615 successfully retrieved
[2m[36m(deploy_ray_func pid=185)[0m Major (non-effect) allele for variant rs13282410 successfully retrieved
[2m[36m(deploy_ray_func pid=182)[0m Major (non-effect) allele for variant rs140161 successfully retrieved
[2m[36m(deploy_ray_func pid=179)[0m Major (non-effect) allele for variant rs4145170 successfully retrieved
[2m[36m(deploy_ray_func pid=190)[0m Major (non-effect) allele for variant rs911228 successfully retrieved
[2m[36m(deploy_ray_func pid=187)[0m Major (non-effect) allele for variant rs2052927 successfully retrieved
[2m[36m(deploy_ray_func pid=185)[0m Major (non-effect) allele for variant rs2361797 successfully retrieved
[2m[36m(deploy_ray_func pid=182)[0m Major (non-effect) allele for variant rs1448792 successfully retrieved
[2m[36m(deploy_ray_func pid=190)[0m Major (non-effect) allele for variant rs888804 successfully retrieved
[2m[36m(deploy_ray_func pid=179)[0m Major (non-effect) allele for variant rs987456 successfully retrieved
[2m[36m(deploy_ray_func pid=187)[0m Major (non-effect) allele for variant rs2804982 successfully retrieved
[2m[36m(deploy_ray_func pid=185)[0m Major (non-effect) allele for variant rs4774257 successfully retrieved
[2m[36m(deploy_ray_func pid=190)[0m Major (non-effect) allele for variant rs2173099 successfully retrieved
[2m[36m(deploy_ray_func pid=179)[0m Major (non-effect) allele for variant rs7207798 successfully retrieved
[2m[36m(deploy_ray_func pid=182)[0m Major (non-effect) allele for variant rs10489631 successfully retrieved
[2m[36m(deploy_ray_func pid=187)[0m Major (non-effect) allele for variant rs2001142 successfully retrieved
[2m[36m(deploy_ray_func pid=185)[0m Major (non-effect) allele for variant rs6849988 successfully retrieved
[2m[36m(deploy_ray_func pid=190)[0m Major (non-effect) allele for variant rs707025 successfully retrieved
[2m[36m(deploy_ray_func pid=179)[0m Major (non-effect) allele for variant rs6560217 successfully retrieved
[2m[36m(deploy_ray_func pid=182)[0m Major (non-effect) allele for variant rs780881 successfully retrieved
[2m[36m(deploy_ray_func pid=187)[0m Major (non-effect) allele for variant rs6430462 successfully retrieved
[2m[36m(deploy_ray_func pid=185)[0m Major (non-effect) allele for variant rs1800682 successfully retrieved
[2m[36m(deploy_ray_func pid=190)[0m Major (non-effect) allele for variant rs10866173 successfully retrieved
[2m[36m(deploy_ray_func pid=179)[0m Major (non-effect) allele for variant rs4241265 successfully retrieved
[2m[36m(deploy_ray_func pid=182)[0m Major (non-effect) allele for variant rs356174 successfully retrieved
[2m[36m(deploy_ray_func pid=187)[0m Major (non-effect) allele for variant rs210910 successfully retrieved
[2m[36m(deploy_ray_func pid=185)[0m Major (non-effect) allele for variant rs892497 successfully retrieved
[2m[36m(deploy_ray_func pid=190)[0m Major (non-effect) allele for variant rs8752 successfully retrieved
[2m[36m(deploy_ray_func pid=179)[0m Major (non-effect) allele for variant rs1549228 successfully retrieved
[2m[36m(deploy_ray_func pid=182)[0m Major (non-effect) allele for variant rs2079548 successfully retrieved
[2m[36m(deploy_ray_func pid=187)[0m Major (non-effect) allele for variant rs3905635 successfully retrieved
[2m[36m(deploy_ray_func pid=185)[0m Major (non-effect) allele for variant rs12456346 successfully retrieved
[2m[36m(deploy_ray_func pid=179)[0m Major (non-effect) allele for variant rs10166397 successfully retrieved
[2m[36m(deploy_ray_func pid=182)[0m Major (non-effect) allele for variant rs1886834 successfully retrieved
[2m[36m(deploy_ray_func pid=187)[0m Major (non-effect) allele for variant rs4610580 successfully retrieved
[2m[36m(deploy_ray_func pid=185)[0m Major (non-effect) allele for variant rs6088722 successfully retrieved
[2m[36m(deploy_ray_func pid=179)[0m Major (non-effect) allele for variant rs4904228 successfully retrieved
[2m[36m(deploy_ray_func pid=182)[0m Major (non-effect) allele for variant rs1696320 successfully retrieved
[2m[36m(deploy_ray_func pid=187)[0m Major (non-effect) allele for variant rs11992223 successfully retrieved
[2m[36m(deploy_ray_func pid=185)[0m Major (non-effect) allele for variant rs1918388 successfully retrieved
[2m[36m(deploy_ray_func pid=179)[0m Major (non-effect) allele for variant rs8014577 successfully retrieved
[2m[36m(deploy_ray_func pid=182)[0m Major (non-effect) allele for variant rs9540556 successfully retrieved
[2m[36m(deploy_ray_func pid=187)[0m Major (non-effect) allele for variant rs2602431 successfully retrieved
[2m[36m(deploy_ray_func pid=185)[0m Major (non-effect) allele for variant rs582317 successfully retrieved
[2m[36m(deploy_ray_func pid=179)[0m Major (non-effect) allele for variant rs1934115 successfully retrieved
[2m[36m(deploy_ray_func pid=182)[0m Major (non-effect) allele for variant rs4777805 successfully retrieved
[2m[36m(deploy_ray_func pid=193)[0m Major (non-effect) allele for variant rs4800173 successfully retrieved
[2m[36m(deploy_ray_func pid=187)[0m Major (non-effect) allele for variant rs886933 successfully retrieved
[2m[36m(deploy_ray_func pid=185)[0m Major (non-effect) allele for variant rs6893517 successfully retrieved
[2m[36m(deploy_ray_func pid=182)[0m Major (non-effect) allele for variant rs12324805 successfully retrieved
[2m[36m(deploy_ray_func pid=193)[0m Major (non-effect) allele for variant rs1323998 successfully retrieved
[2m[36m(deploy_ray_func pid=182)[0m Major (non-effect) allele for variant rs484959 successfully retrieved
[2m[36m(deploy_ray_func pid=193)[0m Major (non-effect) allele for variant rs1125025 successfully retrieved
[2m[36m(deploy_ray_func pid=182)[0m Major (non-effect) allele for variant rs2890545 successfully retrieved
[2m[36m(deploy_ray_func pid=193)[0m Major (non-effect) allele for variant rs6532555 successfully retrieved
[2m[36m(deploy_ray_func pid=182)[0m Major (non-effect) allele for variant rs12639248 successfully retrieved
[2m[36m(deploy_ray_func pid=193)[0m Major (non-effect) allele for variant rs1026158 successfully retrieved
[2m[36m(deploy_ray_func pid=182)[0m Major (non-effect) allele for variant rs11583644 successfully retrieved
[2m[36m(deploy_ray_func pid=193)[0m Major (non-effect) allele for variant rs7923349 successfully retrieved
[2m[36m(deploy_ray_func pid=182)[0m Major (non-effect) allele for variant rs7711434 successfully retrieved
[2m[36m(deploy_ray_func pid=193)[0m Major (non-effect) allele for variant rs9747501 successfully retrieved
[2m[36m(deploy_ray_func pid=182)[0m Major (non-effect) allele for variant rs4766333 successfully retrieved
[2m[36m(deploy_ray_func pid=193)[0m Major (non-effect) allele for variant rs8337 successfully retrieved
[2m[36m(deploy_ray_func pid=182)[0m Major (non-effect) allele for variant rs1765248 successfully retrieved
[2m[36m(deploy_ray_func pid=193)[0m Major (non-effect) allele for variant rs2976295 successfully retrieved
[2m[36m(deploy_ray_func pid=182)[0m Major (non-effect) allele for variant rs521696 successfully retrieved
[2m[36m(deploy_ray_func pid=193)[0m Major (non-effect) allele for variant rs7870657 successfully retrieved
[2m[36m(deploy_ray_func pid=182)[0m Major (non-effect) allele for variant rs7218628 successfully retrieved
[2m[36m(deploy_ray_func pid=193)[0m Major (non-effect) allele for variant rs28687658 successfully retrieved
[2m[36m(deploy_ray_func pid=182)[0m Major (non-effect) allele for variant rs1028746 successfully retrieved
[2m[36m(deploy_ray_func pid=182)[0m Major (non-effect) allele for variant rs896629 successfully retrieved
[2m[36m(deploy_ray_func pid=187)[0m Major (non-effect) allele for variant rs1979931 successfully retrieved
[2m[36m(deploy_ray_func pid=193)[0m Major (non-effect) allele for variant rs4935109 successfully retrieved
[2m[36m(deploy_ray_func pid=179)[0m Major (non-effect) allele for variant rs12025118 successfully retrieved
[2m[36m(deploy_ray_func pid=190)[0m Major (non-effect) allele for variant rs13278392 successfully retrieved
[2m[36m(deploy_ray_func pid=185)[0m Major (non-effect) allele for variant rs7726244 successfully retrieved
[2m[36m(deploy_ray_func pid=182)[0m Major (non-effect) allele for variant rs7937934 successfully retrieved
[2m[36m(deploy_ray_func pid=187)[0m Major (non-effect) allele for variant rs10788178 successfully retrieved
[2m[36m(deploy_ray_func pid=193)[0m Major (non-effect) allele for variant rs6560217 successfully retrieved
[2m[36m(deploy_ray_func pid=190)[0m Major (non-effect) allele for variant rs6549991 successfully retrieved
[2m[36m(deploy_ray_func pid=185)[0m Major (non-effect) allele for variant rs6479056 successfully retrieved
[2m[36m(deploy_ray_func pid=179)[0m Major (non-effect) allele for variant rs2035736 successfully retrieved
[2m[36m(deploy_ray_func pid=182)[0m Major (non-effect) allele for variant rs11207605 successfully retrieved
[2m[36m(deploy_ray_func pid=187)[0m Major (non-effect) allele for variant rs2569006 successfully retrieved
[2m[36m(deploy_ray_func pid=190)[0m Major (non-effect) allele for variant rs521696 successfully retrieved
[2m[36m(deploy_ray_func pid=185)[0m Major (non-effect) allele for variant rs11583644 successfully retrieved
[2m[36m(deploy_ray_func pid=193)[0m Major (non-effect) allele for variant rs245866 successfully retrieved
[2m[36m(deploy_ray_func pid=179)[0m Major (non-effect) allele for variant rs7236030 successfully retrieved
[2m[36m(deploy_ray_func pid=182)[0m Major (non-effect) allele for variant rs10894417 successfully retrieved
[2m[36m(deploy_ray_func pid=187)[0m Major (non-effect) allele for variant rs1581421 successfully retrieved
[2m[36m(deploy_ray_func pid=185)[0m Major (non-effect) allele for variant rs9517474 successfully retrieved
[2m[36m(deploy_ray_func pid=193)[0m Major (non-effect) allele for variant rs1392779 successfully retrieved
[2m[36m(deploy_ray_func pid=190)[0m Major (non-effect) allele for variant rs2890545 successfully retrieved
[2m[36m(deploy_ray_func pid=179)[0m Major (non-effect) allele for variant rs35550 successfully retrieved
[2m[36m(deploy_ray_func pid=187)[0m Major (non-effect) allele for variant rs12703605 successfully retrieved
[2m[36m(deploy_ray_func pid=182)[0m Major (non-effect) allele for variant rs28687658 successfully retrieved
[2m[36m(deploy_ray_func pid=193)[0m Major (non-effect) allele for variant rs7281007 successfully retrieved
[2m[36m(deploy_ray_func pid=185)[0m Major (non-effect) allele for variant rs4745122 successfully retrieved
[2m[36m(deploy_ray_func pid=190)[0m Major (non-effect) allele for variant rs140161 successfully retrieved
[2m[36m(deploy_ray_func pid=179)[0m Major (non-effect) allele for variant rs536002 successfully retrieved
[2m[36m(deploy_ray_func pid=187)[0m Major (non-effect) allele for variant rs484959 successfully retrieved
[2m[36m(deploy_ray_func pid=193)[0m Major (non-effect) allele for variant rs4965077 successfully retrieved
[2m[36m(deploy_ray_func pid=182)[0m Major (non-effect) allele for variant rs570295 successfully retrieved
[2m[36m(deploy_ray_func pid=190)[0m Major (non-effect) allele for variant rs13148235 successfully retrieved
[2m[36m(deploy_ray_func pid=185)[0m Major (non-effect) allele for variant rs1381389 successfully retrieved
[2m[36m(deploy_ray_func pid=179)[0m Major (non-effect) allele for variant rs1823941 successfully retrieved
[2m[36m(deploy_ray_func pid=187)[0m Major (non-effect) allele for variant rs7913199 successfully retrieved
[2m[36m(deploy_ray_func pid=193)[0m Major (non-effect) allele for variant rs12936071 successfully retrieved
[2m[36m(deploy_ray_func pid=182)[0m Major (non-effect) allele for variant rs655345 successfully retrieved
[2m[36m(deploy_ray_func pid=185)[0m Major (non-effect) allele for variant rs1409432 successfully retrieved
[2m[36m(deploy_ray_func pid=190)[0m Major (non-effect) allele for variant rs580962 successfully retrieved
[2m[36m(deploy_ray_func pid=179)[0m Major (non-effect) allele for variant rs3011274 successfully retrieved
[2m[36m(deploy_ray_func pid=187)[0m Major (non-effect) allele for variant rs10774543 successfully retrieved
[2m[36m(deploy_ray_func pid=182)[0m Major (non-effect) allele for variant rs942518 successfully retrieved
[2m[36m(deploy_ray_func pid=193)[0m Major (non-effect) allele for variant rs1857869 successfully retrieved
[2m[36m(deploy_ray_func pid=190)[0m Major (non-effect) allele for variant rs4305983 successfully retrieved
[2m[36m(deploy_ray_func pid=185)[0m Major (non-effect) allele for variant rs752276 successfully retrieved
[2m[36m(deploy_ray_func pid=179)[0m Major (non-effect) allele for variant rs224644 successfully retrieved
[2m[36m(deploy_ray_func pid=187)[0m Major (non-effect) allele for variant rs1696320 successfully retrieved
[2m[36m(deploy_ray_func pid=182)[0m Major (non-effect) allele for variant rs1026158 successfully retrieved
[2m[36m(deploy_ray_func pid=193)[0m Major (non-effect) allele for variant rs7870657 successfully retrieved
[2m[36m(deploy_ray_func pid=190)[0m Major (non-effect) allele for variant rs4973062 successfully retrieved
[2m[36m(deploy_ray_func pid=185)[0m Major (non-effect) allele for variant rs6446389 successfully retrieved
[2m[36m(deploy_ray_func pid=187)[0m Major (non-effect) allele for variant rs10100706 successfully retrieved
[2m[36m(deploy_ray_func pid=179)[0m Major (non-effect) allele for variant rs938087 successfully retrieved
[2m[36m(deploy_ray_func pid=182)[0m Major (non-effect) allele for variant rs8192440 successfully retrieved
[2m[36m(deploy_ray_func pid=193)[0m Major (non-effect) allele for variant rs9669611 successfully retrieved
[2m[36m(deploy_ray_func pid=190)[0m Major (non-effect) allele for variant rs2249911 successfully retrieved
[2m[36m(deploy_ray_func pid=185)[0m Major (non-effect) allele for variant rs6473386 successfully retrieved
[2m[36m(deploy_ray_func pid=187)[0m Major (non-effect) allele for variant rs7082486 successfully retrieved
[2m[36m(deploy_ray_func pid=179)[0m Major (non-effect) allele for variant rs1027242 successfully retrieved
[2m[36m(deploy_ray_func pid=193)[0m Major (non-effect) allele for variant rs240993 successfully retrieved
[2m[36m(deploy_ray_func pid=182)[0m Major (non-effect) allele for variant rs12512502 successfully retrieved
[2m[36m(deploy_ray_func pid=190)[0m Major (non-effect) allele for variant rs2976295 successfully retrieved
[2m[36m(deploy_ray_func pid=185)[0m Major (non-effect) allele for variant rs946327 successfully retrieved
[2m[36m(deploy_ray_func pid=187)[0m Major (non-effect) allele for variant rs886933 successfully retrieved
[2m[36m(deploy_ray_func pid=179)[0m Major (non-effect) allele for variant rs628629 successfully retrieved
[2m[36m(deploy_ray_func pid=193)[0m Major (non-effect) allele for variant rs7022772 successfully retrieved
[2m[36m(deploy_ray_func pid=182)[0m Major (non-effect) allele for variant rs4234805 successfully retrieved
[2m[36m(deploy_ray_func pid=190)[0m Major (non-effect) allele for variant rs7827959 successfully retrieved
[2m[36m(deploy_ray_func pid=185)[0m Major (non-effect) allele for variant rs7722773 successfully retrieved
[2m[36m(deploy_ray_func pid=187)[0m Major (non-effect) allele for variant rs1886834 successfully retrieved
[2m[36m(deploy_ray_func pid=179)[0m Major (non-effect) allele for variant rs2804765 successfully retrieved
[2m[36m(deploy_ray_func pid=193)[0m Major (non-effect) allele for variant rs2990678 successfully retrieved
[2m[36m(deploy_ray_func pid=182)[0m Major (non-effect) allele for variant rs9769600 successfully retrieved
[2m[36m(deploy_ray_func pid=190)[0m Major (non-effect) allele for variant rs10876377 successfully retrieved
[2m[36m(deploy_ray_func pid=185)[0m Major (non-effect) allele for variant rs6547526 successfully retrieved
[2m[36m(deploy_ray_func pid=187)[0m Major (non-effect) allele for variant rs1789087 successfully retrieved
[2m[36m(deploy_ray_func pid=179)[0m Major (non-effect) allele for variant rs210910 successfully retrieved
[2m[36m(deploy_ray_func pid=193)[0m Major (non-effect) allele for variant rs11234568 successfully retrieved
[2m[36m(deploy_ray_func pid=182)[0m Major (non-effect) allele for variant rs1894231 successfully retrieved
[2m[36m(deploy_ray_func pid=190)[0m Major (non-effect) allele for variant rs2573559 successfully retrieved
[2m[36m(deploy_ray_func pid=185)[0m Major (non-effect) allele for variant rs568057 successfully retrieved
[2m[36m(deploy_ray_func pid=187)[0m Major (non-effect) allele for variant rs165567 successfully retrieved
[2m[36m(deploy_ray_func pid=179)[0m Major (non-effect) allele for variant rs1800682 successfully retrieved
[2m[36m(deploy_ray_func pid=193)[0m Major (non-effect) allele for variant rs1714821 successfully retrieved
[2m[36m(deploy_ray_func pid=182)[0m Major (non-effect) allele for variant rs2284887 successfully retrieved
[2m[36m(deploy_ray_func pid=190)[0m Major (non-effect) allele for variant rs9899404 successfully retrieved
[2m[36m(deploy_ray_func pid=185)[0m Major (non-effect) allele for variant rs8055873 successfully retrieved
[2m[36m(deploy_ray_func pid=193)[0m Major (non-effect) allele for variant rs387171 successfully retrieved
[2m[36m(deploy_ray_func pid=179)[0m Major (non-effect) allele for variant rs7968246 successfully retrieved
[2m[36m(deploy_ray_func pid=187)[0m Major (non-effect) allele for variant rs12886622 successfully retrieved
[2m[36m(deploy_ray_func pid=190)[0m Major (non-effect) allele for variant rs7218628 successfully retrieved
[2m[36m(deploy_ray_func pid=182)[0m Major (non-effect) allele for variant rs6692542 successfully retrieved
[2m[36m(deploy_ray_func pid=185)[0m Major (non-effect) allele for variant rs6497154 successfully retrieved
[2m[36m(deploy_ray_func pid=179)[0m Major (non-effect) allele for variant rs6849988 successfully retrieved
[2m[36m(deploy_ray_func pid=187)[0m Major (non-effect) allele for variant rs6442427 successfully retrieved
[2m[36m(deploy_ray_func pid=190)[0m Major (non-effect) allele for variant rs6538968 successfully retrieved
[2m[36m(deploy_ray_func pid=182)[0m Major (non-effect) allele for variant rs11132409 successfully retrieved
[2m[36m(deploy_ray_func pid=185)[0m Major (non-effect) allele for variant rs7093996 successfully retrieved
[2m[36m(deploy_ray_func pid=193)[0m Major (non-effect) allele for variant rs6549948 successfully retrieved
[2m[36m(deploy_ray_func pid=179)[0m Major (non-effect) allele for variant rs2079548 successfully retrieved
[2m[36m(deploy_ray_func pid=187)[0m Major (non-effect) allele for variant rs356174 successfully retrieved
[2m[36m(deploy_ray_func pid=182)[0m Major (non-effect) allele for variant rs1504837 successfully retrieved
[2m[36m(deploy_ray_func pid=190)[0m Major (non-effect) allele for variant rs10474489 successfully retrieved
[2m[36m(deploy_ray_func pid=185)[0m Major (non-effect) allele for variant rs1574182 successfully retrieved
[2m[36m(deploy_ray_func pid=193)[0m Major (non-effect) allele for variant rs2633295 successfully retrieved
[2m[36m(deploy_ray_func pid=187)[0m Major (non-effect) allele for variant rs780881 successfully retrieved
[2m[36m(deploy_ray_func pid=179)[0m Major (non-effect) allele for variant rs942606 successfully retrieved
[2m[36m(deploy_ray_func pid=182)[0m Major (non-effect) allele for variant rs10764747 successfully retrieved
[2m[36m(deploy_ray_func pid=185)[0m Major (non-effect) allele for variant rs2278619 successfully retrieved
[2m[36m(deploy_ray_func pid=193)[0m Major (non-effect) allele for variant rs13282410 successfully retrieved
[2m[36m(deploy_ray_func pid=190)[0m Major (non-effect) allele for variant rs154189 successfully retrieved
[2m[36m(deploy_ray_func pid=187)[0m Major (non-effect) allele for variant rs4835074 successfully retrieved
[2m[36m(deploy_ray_func pid=179)[0m Major (non-effect) allele for variant rs888011 successfully retrieved
[2m[36m(deploy_ray_func pid=182)[0m Major (non-effect) allele for variant rs8337 successfully retrieved
[2m[36m(deploy_ray_func pid=193)[0m Major (non-effect) allele for variant rs6816095 successfully retrieved
[2m[36m(deploy_ray_func pid=185)[0m Major (non-effect) allele for variant rs6571754 successfully retrieved
[2m[36m(deploy_ray_func pid=190)[0m Major (non-effect) allele for variant rs174838 successfully retrieved
[2m[36m(deploy_ray_func pid=187)[0m Major (non-effect) allele for variant rs7923349 successfully retrieved
[2m[36m(deploy_ray_func pid=179)[0m Major (non-effect) allele for variant rs8090707 successfully retrieved
[2m[36m(deploy_ray_func pid=182)[0m Major (non-effect) allele for variant rs11181115 successfully retrieved
[2m[36m(deploy_ray_func pid=193)[0m Major (non-effect) allele for variant rs304478 successfully retrieved
[2m[36m(deploy_ray_func pid=185)[0m Major (non-effect) allele for variant rs2043405 successfully retrieved
[2m[36m(deploy_ray_func pid=190)[0m Major (non-effect) allele for variant rs1877981 successfully retrieved
[2m[36m(deploy_ray_func pid=187)[0m Major (non-effect) allele for variant rs4734305 successfully retrieved
[2m[36m(deploy_ray_func pid=179)[0m Major (non-effect) allele for variant rs1045280 successfully retrieved
[2m[36m(deploy_ray_func pid=182)[0m Major (non-effect) allele for variant rs4659633 successfully retrieved
[2m[36m(deploy_ray_func pid=185)[0m Major (non-effect) allele for variant rs707025 successfully retrieved
[2m[36m(deploy_ray_func pid=193)[0m Major (non-effect) allele for variant rs1918388 successfully retrieved
[2m[36m(deploy_ray_func pid=190)[0m Major (non-effect) allele for variant rs12147825 successfully retrieved
[2m[36m(deploy_ray_func pid=187)[0m Major (non-effect) allele for variant rs12639248 successfully retrieved
[2m[36m(deploy_ray_func pid=179)[0m Major (non-effect) allele for variant rs8037472 successfully retrieved
[2m[36m(deploy_ray_func pid=182)[0m Major (non-effect) allele for variant rs1015443 successfully retrieved
[2m[36m(deploy_ray_func pid=193)[0m Major (non-effect) allele for variant rs1183799 successfully retrieved
[2m[36m(deploy_ray_func pid=185)[0m Major (non-effect) allele for variant rs2632706 successfully retrieved
[2m[36m(deploy_ray_func pid=190)[0m Major (non-effect) allele for variant rs4690801 successfully retrieved
[2m[36m(deploy_ray_func pid=179)[0m Major (non-effect) allele for variant rs4904228 successfully retrieved
[2m[36m(deploy_ray_func pid=182)[0m Major (non-effect) allele for variant rs751041 successfully retrieved
[2m[36m(deploy_ray_func pid=187)[0m Major (non-effect) allele for variant rs1418564 successfully retrieved
[2m[36m(deploy_ray_func pid=185)[0m Major (non-effect) allele for variant rs1495664 successfully retrieved
[2m[36m(deploy_ray_func pid=193)[0m Major (non-effect) allele for variant rs4787076 successfully retrieved
[2m[36m(deploy_ray_func pid=179)[0m Major (non-effect) allele for variant rs11618409 successfully retrieved
[2m[36m(deploy_ray_func pid=187)[0m Major (non-effect) allele for variant rs7904409 successfully retrieved
[2m[36m(deploy_ray_func pid=182)[0m Major (non-effect) allele for variant rs544500 successfully retrieved
[2m[36m(deploy_ray_func pid=190)[0m Major (non-effect) allele for variant rs360757 successfully retrieved
[2m[36m(deploy_ray_func pid=185)[0m Major (non-effect) allele for variant rs1886040 successfully retrieved
[2m[36m(deploy_ray_func pid=193)[0m Major (non-effect) allele for variant rs2052927 successfully retrieved
[2m[36m(deploy_ray_func pid=179)[0m Major (non-effect) allele for variant rs4689126 successfully retrieved
[2m[36m(deploy_ray_func pid=187)[0m Major (non-effect) allele for variant rs2395015 successfully retrieved
[2m[36m(deploy_ray_func pid=190)[0m Major (non-effect) allele for variant rs7301462 successfully retrieved
[2m[36m(deploy_ray_func pid=182)[0m Major (non-effect) allele for variant rs1323998 successfully retrieved
[2m[36m(deploy_ray_func pid=185)[0m Major (non-effect) allele for variant rs9510092 successfully retrieved
[2m[36m(deploy_ray_func pid=193)[0m Major (non-effect) allele for variant rs173855 successfully retrieved
[2m[36m(deploy_ray_func pid=179)[0m Major (non-effect) allele for variant rs174489 successfully retrieved
[2m[36m(deploy_ray_func pid=182)[0m Major (non-effect) allele for variant rs2337237 successfully retrieved
[2m[36m(deploy_ray_func pid=190)[0m Major (non-effect) allele for variant rs496298 successfully retrieved
[2m[36m(deploy_ray_func pid=187)[0m Major (non-effect) allele for variant rs950312 successfully retrieved
[2m[36m(deploy_ray_func pid=185)[0m Major (non-effect) allele for variant rs11973244 successfully retrieved
[2m[36m(deploy_ray_func pid=193)[0m Major (non-effect) allele for variant rs7547892 successfully retrieved
[2m[36m(deploy_ray_func pid=179)[0m Major (non-effect) allele for variant rs6680302 successfully retrieved
[2m[36m(deploy_ray_func pid=182)[0m Major (non-effect) allele for variant rs12507011 successfully retrieved
[2m[36m(deploy_ray_func pid=187)[0m Major (non-effect) allele for variant rs10772380 successfully retrieved
[2m[36m(deploy_ray_func pid=190)[0m Major (non-effect) allele for variant rs10800901 successfully retrieved
[2m[36m(deploy_ray_func pid=185)[0m Major (non-effect) allele for variant rs4835955 successfully retrieved
[2m[36m(deploy_ray_func pid=193)[0m Major (non-effect) allele for variant rs7796255 successfully retrieved
[2m[36m(deploy_ray_func pid=179)[0m Major (non-effect) allele for variant rs10802881 successfully retrieved
[2m[36m(deploy_ray_func pid=182)[0m Major (non-effect) allele for variant rs12330913 successfully retrieved
[2m[36m(deploy_ray_func pid=187)[0m Major (non-effect) allele for variant rs1934115 successfully retrieved
[2m[36m(deploy_ray_func pid=190)[0m Major (non-effect) allele for variant rs7301297 successfully retrieved
[2m[36m(deploy_ray_func pid=185)[0m Major (non-effect) allele for variant rs7504768 successfully retrieved
[2m[36m(deploy_ray_func pid=193)[0m Major (non-effect) allele for variant rs2804982 successfully retrieved
[2m[36m(deploy_ray_func pid=179)[0m Major (non-effect) allele for variant rs8053779 successfully retrieved
[2m[36m(deploy_ray_func pid=187)[0m Major (non-effect) allele for variant rs4800173 successfully retrieved
[2m[36m(deploy_ray_func pid=182)[0m Major (non-effect) allele for variant rs1152356 successfully retrieved
[2m[36m(deploy_ray_func pid=190)[0m Major (non-effect) allele for variant rs3905635 successfully retrieved
[2m[36m(deploy_ray_func pid=185)[0m Major (non-effect) allele for variant rs6466899 successfully retrieved
[2m[36m(deploy_ray_func pid=193)[0m Major (non-effect) allele for variant rs576853 successfully retrieved
[2m[36m(deploy_ray_func pid=179)[0m Major (non-effect) allele for variant rs627777 successfully retrieved
[2m[36m(deploy_ray_func pid=182)[0m Major (non-effect) allele for variant rs2987742 successfully retrieved
[2m[36m(deploy_ray_func pid=187)[0m Major (non-effect) allele for variant rs4843578 successfully retrieved
[2m[36m(deploy_ray_func pid=190)[0m Major (non-effect) allele for variant rs7679761 successfully retrieved
[2m[36m(deploy_ray_func pid=185)[0m Major (non-effect) allele for variant rs10866173 successfully retrieved
[2m[36m(deploy_ray_func pid=193)[0m Major (non-effect) allele for variant rs693163 successfully retrieved
[2m[36m(deploy_ray_func pid=179)[0m Major (non-effect) allele for variant rs540874 successfully retrieved
[2m[36m(deploy_ray_func pid=182)[0m Major (non-effect) allele for variant rs405615 successfully retrieved
[2m[36m(deploy_ray_func pid=187)[0m Major (non-effect) allele for variant rs224015 successfully retrieved
[2m[36m(deploy_ray_func pid=190)[0m Major (non-effect) allele for variant rs852069 successfully retrieved
[2m[36m(deploy_ray_func pid=185)[0m Major (non-effect) allele for variant rs3763381 successfully retrieved
[2m[36m(deploy_ray_func pid=193)[0m Major (non-effect) allele for variant rs6602679 successfully retrieved
[2m[36m(deploy_ray_func pid=179)[0m Major (non-effect) allele for variant rs1509701 successfully retrieved
[2m[36m(deploy_ray_func pid=182)[0m Major (non-effect) allele for variant rs2043967 successfully retrieved
[2m[36m(deploy_ray_func pid=187)[0m Major (non-effect) allele for variant rs756411 successfully retrieved
[2m[36m(deploy_ray_func pid=190)[0m Major (non-effect) allele for variant rs9563035 successfully retrieved
[2m[36m(deploy_ray_func pid=185)[0m Major (non-effect) allele for variant rs4257948 successfully retrieved
[2m[36m(deploy_ray_func pid=193)[0m Major (non-effect) allele for variant rs6415585 successfully retrieved
[2m[36m(deploy_ray_func pid=179)[0m Major (non-effect) allele for variant rs4797793 successfully retrieved
[2m[36m(deploy_ray_func pid=182)[0m Major (non-effect) allele for variant rs4789492 successfully retrieved
[2m[36m(deploy_ray_func pid=187)[0m Major (non-effect) allele for variant rs11646450 successfully retrieved
[2m[36m(deploy_ray_func pid=190)[0m Major (non-effect) allele for variant rs1556122 successfully retrieved
[2m[36m(deploy_ray_func pid=185)[0m Major (non-effect) allele for variant rs911228 successfully retrieved
[2m[36m(deploy_ray_func pid=193)[0m Major (non-effect) allele for variant rs7301331 successfully retrieved
[2m[36m(deploy_ray_func pid=179)[0m Major (non-effect) allele for variant rs11162634 successfully retrieved
[2m[36m(deploy_ray_func pid=182)[0m Major (non-effect) allele for variant rs10860821 successfully retrieved
[2m[36m(deploy_ray_func pid=187)[0m Major (non-effect) allele for variant rs508423 successfully retrieved
[2m[36m(deploy_ray_func pid=190)[0m Major (non-effect) allele for variant rs8127260 successfully retrieved
[2m[36m(deploy_ray_func pid=185)[0m Major (non-effect) allele for variant rs2343278 successfully retrieved
[2m[36m(deploy_ray_func pid=193)[0m Major (non-effect) allele for variant rs1512371 successfully retrieved
[2m[36m(deploy_ray_func pid=182)[0m Major (non-effect) allele for variant rs7666763 successfully retrieved
[2m[36m(deploy_ray_func pid=179)[0m Major (non-effect) allele for variant rs6540796 successfully retrieved
[2m[36m(deploy_ray_func pid=190)[0m Major (non-effect) allele for variant rs4819996 successfully retrieved
[2m[36m(deploy_ray_func pid=187)[0m Major (non-effect) allele for variant rs507119 successfully retrieved
[2m[36m(deploy_ray_func pid=193)[0m Major (non-effect) allele for variant rs540729 successfully retrieved
[2m[36m(deploy_ray_func pid=182)[0m Major (non-effect) allele for variant rs4791360 successfully retrieved
[2m[36m(deploy_ray_func pid=179)[0m Major (non-effect) allele for variant rs11657971 successfully retrieved
[2m[36m(deploy_ray_func pid=187)[0m Major (non-effect) allele for variant rs2430894 successfully retrieved
[2m[36m(deploy_ray_func pid=190)[0m Major (non-effect) allele for variant rs7192675 successfully retrieved
[2m[36m(deploy_ray_func pid=193)[0m Major (non-effect) allele for variant rs4621309 successfully retrieved
[2m[36m(deploy_ray_func pid=182)[0m Major (non-effect) allele for variant rs7207798 successfully retrieved
[2m[36m(deploy_ray_func pid=179)[0m Major (non-effect) allele for variant rs978935 successfully retrieved
[2m[36m(deploy_ray_func pid=187)[0m Major (non-effect) allele for variant rs6035409 successfully retrieved
[2m[36m(deploy_ray_func pid=190)[0m Major (non-effect) allele for variant rs709857 successfully retrieved
[2m[36m(deploy_ray_func pid=193)[0m Major (non-effect) allele for variant rs4736239 successfully retrieved
[2m[36m(deploy_ray_func pid=179)[0m Major (non-effect) allele for variant rs13098912 successfully retrieved
[2022-09-14 21:29:11.658174]: Major (non-effect) alleles successfully recovered! ----- Time elapsed (s): 159.25072715600254
[2m[36m(deploy_ray_func pid=190)[0m Major (non-effect) allele for variant rs6433379 successfully retrieved
[2022-09-14 21:29:11.725711]: List of individuals' OpenSNP IDs and conditions successfully loaded! ----- Time elapsed (s): 0.0673722919964348
[2m[36m(deploy_ray_func pid=182)[0m Retrieval of genotype of user: 10469.23andme.8739 started!
[2m[36m(deploy_ray_func pid=193)[0m Retrieval of genotype of user: 11008.23andme.9131 started!
[2m[36m(deploy_ray_func pid=179)[0m Retrieval of genotype of user: 1.23andme.9 started!
[2m[36m(deploy_ray_func pid=190)[0m Retrieval of genotype of user: 9974.ancestry.8238 started!
[2m[36m(deploy_ray_func pid=187)[0m Retrieval of genotype of user: 8476.23andme.6841 started!
[2m[36m(deploy_ray_func pid=187)[0m Retrieval of genotype of user: 8476.23andme.6841 finished!
[2m[36m(deploy_ray_func pid=193)[0m Retrieval of genotype of user: 11008.23andme.9131 finished!
[2m[36m(deploy_ray_func pid=187)[0m Retrieval of genotype of user: 8466.ancestry.6829 started!
[2m[36m(deploy_ray_func pid=193)[0m Retrieval of genotype of user: 10787.ancestry.8931 started!
[2m[36m(deploy_ray_func pid=179)[0m Retrieval of genotype of user: 1.23andme.9 finished!
[2m[36m(deploy_ray_func pid=179)[0m Retrieval of genotype of user: 8655.ancestry.7006 started!
[2m[36m(deploy_ray_func pid=187)[0m Retrieval of genotype of user: 8466.ancestry.6829 finished!
[2m[36m(deploy_ray_func pid=193)[0m Retrieval of genotype of user: 10787.ancestry.8931 finished!
[2m[36m(deploy_ray_func pid=182)[0m Retrieval of genotype of user: 10469.23andme.8739 finished!
[2m[36m(deploy_ray_func pid=187)[0m Retrieval of genotype of user: 7018.23andme.5429 started!
[2m[36m(deploy_ray_func pid=190)[0m Retrieval of genotype of user: 9974.ancestry.8238 finished!
[2m[36m(deploy_ray_func pid=182)[0m Retrieval of genotype of user: 10420.23andme.8678 started!
[2m[36m(deploy_ray_func pid=179)[0m Retrieval of genotype of user: 8655.ancestry.7006 finished!
[2m[36m(deploy_ray_func pid=190)[0m Retrieval of genotype of user: 9869.23andme.8128 started!
[2m[36m(deploy_ray_func pid=179)[0m Retrieval of genotype of user: 8546.ancestry.6906 started!
[2m[36m(deploy_ray_func pid=187)[0m Retrieval of genotype of user: 7018.23andme.5429 finished!
[2m[36m(deploy_ray_func pid=182)[0m Retrieval of genotype of user: 10420.23andme.8678 finished!
[2m[36m(deploy_ray_func pid=182)[0m Retrieval of genotype of user: 6192.23andme.4696 started!
[2m[36m(deploy_ray_func pid=190)[0m Retrieval of genotype of user: 9869.23andme.8128 finished!
[2m[36m(deploy_ray_func pid=190)[0m Retrieval of genotype of user: 8977.23andme.7322 started!
[2m[36m(deploy_ray_func pid=179)[0m Retrieval of genotype of user: 8546.ancestry.6906 finished!
[2m[36m(deploy_ray_func pid=190)[0m Retrieval of genotype of user: 8977.23andme.7322 finished!
[2m[36m(deploy_ray_func pid=182)[0m Retrieval of genotype of user: 6192.23andme.4696 finished!
[2022-09-14 21:29:59.842987]: Genotype data of individuals successfully retrieved from OpenSNP! ----- Time elapsed (s): 48.11676102199999
[2022-09-14 21:30:05.487452]: Cohort PRS for model_a successfully calculated! ----- Time elapsed (s): 5.6441077109993785
[2022-09-14 21:30:21.336002]: Cohort PRS for model_b successfully calculated! ----- Time elapsed (s): 21.492997219000245
[2m[36m(_apply_func pid=1082)[0m 
[2m[36m(_apply_func pid=775)[0m 
[2022-09-14 21:31:19.815557]: PRSs of the cohort for all models successfully calculated! ----- Time elapsed (s): 58.479135195004346
[2022-09-14 21:31:19.815775]: Workflow finished, bye! ----- Runtime of the entire workflow (s): 291.90048446799483
[2022-09-14 21:31:20.175569]: Script-mode execution finished, bye! ----- Runtime of the workflow in script mode (s): 292.26101180099795
UserWarning: Distributing <class 'pandas.core.frame.DataFrame'> object. This may take some time.
UserWarning: Distributing <class 'pandas.core.frame.DataFrame'> object. This may take some time.
[2m[36m(_apply_func pid=775)[0m UserWarning: Distributing <class 'pandas.core.frame.DataFrame'> object. This may take some time.
[2m[36m(_apply_func pid=758)[0m UserWarning: Distributing <class 'pandas.core.frame.DataFrame'> object. This may take some time.
[2m[36m(_apply_func pid=830)[0m UserWarning: Distributing <class 'pandas.core.frame.DataFrame'> object. This may take some time.
[2m[36m(_apply_func pid=1064)[0m UserWarning: Distributing <class 'pandas.core.frame.DataFrame'> object. This may take some time.
[2m[36m(_apply_func pid=998)[0m UserWarning: Distributing <class 'pandas.core.frame.DataFrame'> object. This may take some time.
[2m[36m(_apply_func pid=830)[0m UserWarning: Distributing <class 'pandas.core.frame.DataFrame'> object. This may take some time.
[2m[36m(_apply_func pid=775)[0m UserWarning: Distributing <class 'pandas.core.frame.DataFrame'> object. This may take some time.
[2m[36m(_apply_func pid=758)[0m UserWarning: Distributing <class 'pandas.core.frame.DataFrame'> object. This may take some time.
[2m[36m(_apply_func pid=830)[0m UserWarning: Distributing <class 'pandas.core.frame.DataFrame'> object. This may take some time.
[2m[36m(_apply_func pid=1064)[0m UserWarning: Distributing <class 'pandas.core.frame.DataFrame'> object. This may take some time.
[2m[36m(_apply_func pid=998)[0m UserWarning: Distributing <class 'pandas.core.frame.DataFrame'> object. This may take some time.
[2m[36m(_apply_func pid=1064)[0m UserWarning: Distributing <class 'pandas.core.frame.DataFrame'> object. This may take some time.
[2m[36m(_apply_func pid=998)[0m UserWarning: Distributing <class 'pandas.core.frame.DataFrame'> object. This may take some time.
[2m[36m(_apply_func pid=758)[0m UserWarning: Distributing <class 'pandas.core.frame.DataFrame'> object. This may take some time.
Wed Sep 14 21:31:23 UTC 2022 PRS workflow finished successfully!
